<?xml version="1.0" encoding="UTF-8"?>
<!-- Generated by org.testng.reporters.JUnitXMLReporter -->
<testsuite hostname="RHJ-9F-D079" name="Default test(failed)" tests="1" failures="0" timestamp="5 Aug 2015 07:23:46 GMT" time="51.207" errors="0">
  <testcase name="@AfterClass oneTearDown" time="0.0" classname="com.test.MRT_STG">
    <failure type="java.lang.NoClassDefFoundError" message="org/json/simple/JSONValue">
      <![CDATA[java.lang.NoClassDefFoundError: org/json/simple/JSONValue
	at com.saucelabs.saucerest.SauceREST.updateJobInfo(SauceREST.java:204)
	at com.saucelabs.saucerest.SauceREST.jobPassed(SauceREST.java:57)
	at com.prolifics.MobileAppDriver.updateSauceJobInfo(MobileAppDriver.java:245)
	at com.prolifics.MobileAppDriver.stopSeleniumRunningInSauceLabs(MobileAppDriver.java:179)
	at com.prolifics.MobileAppDriver.stopSelenium(MobileAppDriver.java:66)
	at com.test.MRT_STG.oneTearDown(MRT_STG.java:84)
Caused by: java.lang.ClassNotFoundException: org.json.simple.JSONValue
	at java.net.URLClassLoader$1.run(URLClassLoader.java:366)
	at java.net.URLClassLoader$1.run(URLClassLoader.java:355)
	at java.security.AccessController.doPrivileged(Native Method)
	at java.net.URLClassLoader.findClass(URLClassLoader.java:354)
	at java.lang.ClassLoader.loadClass(ClassLoader.java:423)
	at sun.misc.Launcher$AppClassLoader.loadClass(Launcher.java:308)
	at java.lang.ClassLoader.loadClass(ClassLoader.java:356)
	... 30 more
... Removed 24 stack frames]]>
    </failure>
  </testcase> <!-- @AfterClass oneTearDown -->
  <testcase name="login" time="51.018" classname="com.test.MRT_STG"/>
</testsuite> <!-- Default test(failed) -->
